<?xml version="1.0" encoding="UTF-8"?>
<!-- Generated by org.testng.reporters.JUnitXMLReporter -->
<testsuite ignored="0" hostname="DESKTOP-8SJFQJ0" failures="4" tests="4" name="New Data" time="23.367" errors="0" timestamp="2023-01-31T13:55:31 IST">
  <testcase classname="com.testNG_YouTube.H_ParameterizationExample" name="fb" time="23.093">
    <failure type="org.openqa.selenium.NoSuchElementException" message="no such element: Unable to locate element: {&amp;quot;method&amp;quot;:&amp;quot;xpath&amp;quot;,&amp;quot;selector&amp;quot;:&amp;quot;//input[@name=&amp;apos;username&amp;apos;]&amp;quot;}
  (Session info: chrome=109.0.5414.120)
For documentation on this error, please visit: https://www.seleniumhq.org/exceptions/no_such_element.html
Build info: version: &amp;apos;3.141.59&amp;apos;, revision: &amp;apos;e82be7d358&amp;apos;, time: &amp;apos;2018-11-14T08:17:03&amp;apos;
System info: host: &amp;apos;DESKTOP-8SJFQJ0&amp;apos;, ip: &amp;apos;192.168.87.224&amp;apos;, os.name: &amp;apos;Windows 10&amp;apos;, os.arch: &amp;apos;amd64&amp;apos;, os.version: &amp;apos;10.0&amp;apos;, java.version: &amp;apos;17.0.5&amp;apos;
Driver info: org.openqa.selenium.chrome.ChromeDriver
Capabilities {acceptInsecureCerts: false, browserName: chrome, browserVersion: 109.0.5414.120, chrome: {chromedriverVersion: 109.0.5414.74 (e7c5703604da..., userDataDir: C:\Users\LENOVO\AppData\Loc...}, goog:chromeOptions: {debuggerAddress: localhost:60594}, javascriptEnabled: true, networkConnectionEnabled: false, pageLoadStrategy: normal, platform: WINDOWS, platformName: WINDOWS, proxy: Proxy(), setWindowRect: true, strictFileInteractability: false, timeouts: {implicit: 0, pageLoad: 300000, script: 30000}, unhandledPromptBehavior: dismiss and notify, webauthn:extension:credBlob: true, webauthn:extension:largeBlob: true, webauthn:virtualAuthenticators: true}
Session ID: f89d05d3a99854fd8c4013a52db20100
*** Element info: {Using=xpath, value=//input[@name=&amp;apos;username&amp;apos;]}">
      <![CDATA[org.openqa.selenium.NoSuchElementException: no such element: Unable to locate element: {"method":"xpath","selector":"//input[@name='username']"}
  (Session info: chrome=109.0.5414.120)
For documentation on this error, please visit: https://www.seleniumhq.org/exceptions/no_such_element.html
Build info: version: '3.141.59', revision: 'e82be7d358', time: '2018-11-14T08:17:03'
System info: host: 'DESKTOP-8SJFQJ0', ip: '192.168.87.224', os.name: 'Windows 10', os.arch: 'amd64', os.version: '10.0', java.version: '17.0.5'
Driver info: org.openqa.selenium.chrome.ChromeDriver
Capabilities {acceptInsecureCerts: false, browserName: chrome, browserVersion: 109.0.5414.120, chrome: {chromedriverVersion: 109.0.5414.74 (e7c5703604da..., userDataDir: C:\Users\LENOVO\AppData\Loc...}, goog:chromeOptions: {debuggerAddress: localhost:60594}, javascriptEnabled: true, networkConnectionEnabled: false, pageLoadStrategy: normal, platform: WINDOWS, platformName: WINDOWS, proxy: Proxy(), setWindowRect: true, strictFileInteractability: false, timeouts: {implicit: 0, pageLoad: 300000, script: 30000}, unhandledPromptBehavior: dismiss and notify, webauthn:extension:credBlob: true, webauthn:extension:largeBlob: true, webauthn:virtualAuthenticators: true}
Session ID: f89d05d3a99854fd8c4013a52db20100
*** Element info: {Using=xpath, value=//input[@name='username']}
at org.openqa.selenium.remote.http.W3CHttpResponseCodec.createException(W3CHttpResponseCodec.java:187)
at org.openqa.selenium.remote.http.W3CHttpResponseCodec.decode(W3CHttpResponseCodec.java:122)
at org.openqa.selenium.remote.http.W3CHttpResponseCodec.decode(W3CHttpResponseCodec.java:49)
at org.openqa.selenium.remote.HttpCommandExecutor.execute(HttpCommandExecutor.java:158)
at org.openqa.selenium.remote.service.DriverCommandExecutor.execute(DriverCommandExecutor.java:83)
at org.openqa.selenium.remote.RemoteWebDriver.execute(RemoteWebDriver.java:552)
at org.openqa.selenium.remote.RemoteWebDriver.findElement(RemoteWebDriver.java:323)
at org.openqa.selenium.remote.RemoteWebDriver.findElementByXPath(RemoteWebDriver.java:428)
at org.openqa.selenium.By$ByXPath.findElement(By.java:353)
at org.openqa.selenium.remote.RemoteWebDriver.findElement(RemoteWebDriver.java:315)
at com.testNG_YouTube.H_ParameterizationExample.fb(H_ParameterizationExample.java:38)
at java.base/java.util.ArrayList.forEach(ArrayList.java:1511)
... Removed 32 stack frames]]>
    </failure>
  </testcase> <!-- fb -->
  <testcase classname="com.testNG_YouTube.H_ParameterizationExample" name="findStdName" time="0.0">
    <failure type="org.testng.TestNGException" message="
Parameter &amp;apos;StudentName&amp;apos; is required by @Test on method findStdName but has not been marked @Optional or defined
in D:\NewOne\ForParameter.xml">
      <![CDATA[org.testng.TestNGException: 
Parameter 'StudentName' is required by @Test on method findStdName but has not been marked @Optional or defined
in D:\NewOne\ForParameter.xml
at java.base/java.util.ArrayList.forEach(ArrayList.java:1511)
... Removed 26 stack frames]]>
    </failure>
  </testcase> <!-- findStdName -->
  <testcase classname="com.testNG_YouTube.H_ParameterizationExample" name="findStdName2" time="0.0">
    <failure type="org.testng.TestNGException" message="
Parameter &amp;apos;StudentName&amp;apos; is required by @Test on method findStdName2 but has not been marked @Optional or defined
in D:\NewOne\ForParameter.xml">
      <![CDATA[org.testng.TestNGException: 
Parameter 'StudentName' is required by @Test on method findStdName2 but has not been marked @Optional or defined
in D:\NewOne\ForParameter.xml
at java.base/java.util.ArrayList.forEach(ArrayList.java:1511)
... Removed 26 stack frames]]>
    </failure>
  </testcase> <!-- findStdName2 -->
  <testcase classname="com.testNG_YouTube.H_ParameterizationExample" name="findStudentsName" time="0.0">
    <failure type="org.testng.TestNGException" message="
Parameter &amp;apos;Student Name&amp;apos; is required by @Test on method findStudentsName but has not been marked @Optional or defined
in D:\NewOne\ForParameter.xml">
      <![CDATA[org.testng.TestNGException: 
Parameter 'Student Name' is required by @Test on method findStudentsName but has not been marked @Optional or defined
in D:\NewOne\ForParameter.xml
at java.base/java.util.ArrayList.forEach(ArrayList.java:1511)
... Removed 26 stack frames]]>
    </failure>
  </testcase> <!-- findStudentsName -->
</testsuite> <!-- New Data -->
