<?xml version="1.0" encoding="UTF-8"?>
<!-- Generated by org.testng.reporters.JUnitReportReporter -->
<testsuite hostname="DESKTOP-8SJFQJ0" failures="0" tests="7" name="com.testNG_ClassPractice.D_UseDependOnMethod" time="23.916" errors="1" timestamp="2023-01-25T20:37:34 IST" skipped="1">
  <testcase classname="com.testNG_ClassPractice.D_UseDependOnMethod" name="openBrowser" time="8.014"/>
  <system-out/>
  <testcase classname="com.testNG_ClassPractice.D_UseDependOnMethod" name="goToFlipkart" time="9.663"/>
  <system-out/>
  <testcase classname="com.testNG_ClassPractice.D_UseDependOnMethod" name="searchMobile" time="1.425"/>
  <system-out/>
  <testcase classname="com.testNG_ClassPractice.D_UseDependOnMethod" name="selectTheMobile" time="3.498"/>
  <system-out/>
  <testcase classname="com.testNG_ClassPractice.D_UseDependOnMethod" name="signIn" time="0.007">
    <error message="sign in first" type="java.lang.RuntimeException">
      <![CDATA[java.lang.RuntimeException: sign in first
at com.testNG_ClassPractice.D_UseDependOnMethod.signIn(D_UseDependOnMethod.java:44)
at java.base/jdk.internal.reflect.NativeMethodAccessorImpl.invoke0(Native Method)
at java.base/jdk.internal.reflect.NativeMethodAccessorImpl.invoke(NativeMethodAccessorImpl.java:77)
at java.base/jdk.internal.reflect.DelegatingMethodAccessorImpl.invoke(DelegatingMethodAccessorImpl.java:43)
at java.base/java.lang.reflect.Method.invoke(Method.java:568)
at org.testng.internal.MethodInvocationHelper.invokeMethod(MethodInvocationHelper.java:133)
at org.testng.internal.TestInvoker.invokeMethod(TestInvoker.java:598)
at org.testng.internal.TestInvoker.invokeTestMethod(TestInvoker.java:173)
at org.testng.internal.MethodRunner.runInSequence(MethodRunner.java:46)
at org.testng.internal.TestInvoker$MethodInvocationAgent.invoke(TestInvoker.java:824)
at org.testng.internal.TestInvoker.invokeTestMethods(TestInvoker.java:146)
at org.testng.internal.TestMethodWorker.invokeTestMethods(TestMethodWorker.java:146)
at org.testng.internal.TestMethodWorker.run(TestMethodWorker.java:128)
at java.base/java.util.ArrayList.forEach(ArrayList.java:1511)
at org.testng.TestRunner.privateRun(TestRunner.java:794)
at org.testng.TestRunner.run(TestRunner.java:596)
at org.testng.SuiteRunner.runTest(SuiteRunner.java:377)
at org.testng.SuiteRunner.runSequentially(SuiteRunner.java:371)
at org.testng.SuiteRunner.privateRun(SuiteRunner.java:332)
at org.testng.SuiteRunner.run(SuiteRunner.java:276)
at org.testng.SuiteRunnerWorker.runSuite(SuiteRunnerWorker.java:53)
at org.testng.SuiteRunnerWorker.run(SuiteRunnerWorker.java:96)
at org.testng.TestNG.runSuitesSequentially(TestNG.java:1212)
at org.testng.TestNG.runSuitesLocally(TestNG.java:1134)
at org.testng.TestNG.runSuites(TestNG.java:1063)
at org.testng.TestNG.run(TestNG.java:1031)
at org.testng.remote.AbstractRemoteTestNG.run(AbstractRemoteTestNG.java:115)
at org.testng.remote.RemoteTestNG.initAndRun(RemoteTestNG.java:251)
at org.testng.remote.RemoteTestNG.main(RemoteTestNG.java:77)
]]>
    </error>
  </testcase> <!-- signIn -->
  <system-out/>
  <testcase classname="com.testNG_ClassPractice.D_UseDependOnMethod" name="buyTheMobile" time="0.000">
    <skipped/>
  </testcase> <!-- buyTheMobile -->
  <system-out/>
  <testcase classname="com.testNG_ClassPractice.D_UseDependOnMethod" name="closeAll" time="1.309"/>
  <system-out/>
</testsuite> <!-- com.testNG_ClassPractice.D_UseDependOnMethod -->
